<?xml version="1.0" encoding="UTF-8"?>
<testng-results ignored="0" total="1" passed="1" failed="0" skipped="0">
  <reporter-output>
  </reporter-output>
  <suite started-at="2025-01-23T11:41:27 IST" name="Default suite" finished-at="2025-01-23T11:43:24 IST" duration-ms="116929">
    <groups>
    </groups>
    <test started-at="2025-01-23T11:41:27 IST" name="Default test" finished-at="2025-01-23T11:43:24 IST" duration-ms="116929">
      <class name="migration_All.Migration_CaseStudies">
        <test-method is-config="true" signature="setUp()[pri:0, instance:migration_All.Migration_CaseStudies@5aebe890]" started-at="2025-01-23T11:41:27 IST" name="setUp" finished-at="2025-01-23T11:41:31 IST" duration-ms="4216" status="PASS">
          <reporter-output>
          </reporter-output>
        </test-method> <!-- setUp -->
        <test-method signature="testLoadCaseStudies()[pri:0, instance:migration_All.Migration_CaseStudies@5aebe890]" started-at="2025-01-23T11:41:31 IST" name="testLoadCaseStudies" finished-at="2025-01-23T11:43:24 IST" duration-ms="112679" status="PASS">
          <reporter-output>
          </reporter-output>
        </test-method> <!-- testLoadCaseStudies -->
      </class> <!-- migration_All.Migration_CaseStudies -->
    </test> <!-- Default test -->
  </suite> <!-- Default suite -->
</testng-results>
